# JRE version: OpenJDK Runtime Environment Corretto-11.0.17.8.1 (11.0.17+8) (build 11.0.17+8-LTS)
# Java VM: OpenJDK 64-Bit Server VM Corretto-11.0.17.8.1 (11.0.17+8-LTS, mixed mode, tiered, compressed oops, g1 gc, windows-amd64)
Heap:
 garbage-first heap   total 323584K, used 160686K [0x0000000703200000, 0x0000000800000000)
  region size 1024K, 122 young (124928K), 15 survivors (15360K)
 Metaspace       used 42175K, capacity 43236K, committed 43392K, reserved 1087488K
  class space    used 4222K, capacity 4632K, committed 4736K, reserved 1048576K
GC Heap History (14 events):
Event: 0.456 GC heap before
{Heap before GC invocations=0 (full 0):
 garbage-first heap   total 260096K, used 23552K [0x0000000703200000, 0x0000000800000000)
  region size 1024K, 24 young (24576K), 0 survivors (0K)
 Metaspace       used 13545K, capacity 13789K, committed 14080K, reserved 1062912K
  class space    used 1335K, capacity 1427K, committed 1536K, reserved 1048576K
}
Event: 0.460 GC heap after
{Heap after GC invocations=1 (full 0):
 garbage-first heap   total 260096K, used 3656K [0x0000000703200000, 0x0000000800000000)
  region size 1024K, 3 young (3072K), 3 survivors (3072K)
 Metaspace       used 13545K, capacity 13789K, committed 14080K, reserved 1062912K
  class space    used 1335K, capacity 1427K, committed 1536K, reserved 1048576K
}
Event: 1.010 GC heap before
{Heap before GC invocations=1 (full 0):
 garbage-first heap   total 260096K, used 58952K [0x0000000703200000, 0x0000000800000000)
  region size 1024K, 58 young (59392K), 3 survivors (3072K)
 Metaspace       used 20913K, capacity 21234K, committed 21296K, reserved 1069056K
  class space    used 2191K, capacity 2289K, committed 2304K, reserved 1048576K
}
Event: 1.024 GC heap after
{Heap after GC invocations=2 (full 0):
 garbage-first heap   total 260096K, used 7369K [0x0000000703200000, 0x0000000800000000)
  region size 1024K, 7 young (7168K), 7 survivors (7168K)
 Metaspace       used 20913K, capacity 21234K, committed 21296K, reserved 1069056K
  class space    used 2191K, capacity 2289K, committed 2304K, reserved 1048576K
}
Event: 1.535 GC heap before
{Heap before GC invocations=3 (full 0):
 garbage-first heap   total 260096K, used 71881K [0x0000000703200000, 0x0000000800000000)
  region size 1024K, 70 young (71680K), 7 survivors (7168K)
 Metaspace       used 22208K, capacity 22656K, committed 22912K, reserved 1069056K
  class space    used 2243K, capacity 2399K, committed 2432K, reserved 1048576K
}
Event: 1.549 GC heap after
{Heap after GC invocations=4 (full 0):
 garbage-first heap   total 260096K, used 12628K [0x0000000703200000, 0x0000000800000000)
  region size 1024K, 9 young (9216K), 9 survivors (9216K)
 Metaspace       used 22208K, capacity 22656K, committed 22912K, reserved 1069056K
  class space    used 2243K, capacity 2399K, committed 2432K, reserved 1048576K
}
Event: 2.365 GC heap before
{Heap before GC invocations=4 (full 0):
 garbage-first heap   total 260096K, used 96596K [0x0000000703200000, 0x0000000800000000)
  region size 1024K, 90 young (92160K), 9 survivors (9216K)
 Metaspace       used 32226K, capacity 32972K, committed 33024K, reserved 1079296K
  class space    used 3321K, capacity 3545K, committed 3584K, reserved 1048576K
}
Event: 2.375 GC heap after
{Heap after GC invocations=5 (full 0):
 garbage-first heap   total 260096K, used 22621K [0x0000000703200000, 0x0000000800000000)
  region size 1024K, 12 young (12288K), 12 survivors (12288K)
 Metaspace       used 32226K, capacity 32972K, committed 33024K, reserved 1079296K
  class space    used 3321K, capacity 3545K, committed 3584K, reserved 1048576K
}
Event: 2.745 GC heap before
{Heap before GC invocations=5 (full 0):
 garbage-first heap   total 260096K, used 93277K [0x0000000703200000, 0x0000000800000000)
  region size 1024K, 81 young (82944K), 12 survivors (12288K)
 Metaspace       used 34775K, capacity 35541K, committed 35584K, reserved 1081344K
  class space    used 3553K, capacity 3798K, committed 3840K, reserved 1048576K
}
Event: 2.768 GC heap after
{Heap after GC invocations=6 (full 0):
 garbage-first heap   total 323584K, used 36299K [0x0000000703200000, 0x0000000800000000)
  region size 1024K, 11 young (11264K), 11 survivors (11264K)
 Metaspace       used 34775K, capacity 35541K, committed 35584K, reserved 1081344K
  class space    used 3553K, capacity 3798K, committed 3840K, reserved 1048576K
}
Event: 3.049 GC heap before
{Heap before GC invocations=7 (full 0):
 garbage-first heap   total 323584K, used 140747K [0x0000000703200000, 0x0000000800000000)
  region size 1024K, 113 young (115712K), 11 survivors (11264K)
 Metaspace       used 36133K, capacity 37074K, committed 37376K, reserved 1083392K
  class space    used 3692K, capacity 3994K, committed 4096K, reserved 1048576K
}
Event: 3.056 GC heap after
{Heap after GC invocations=8 (full 0):
 garbage-first heap   total 323584K, used 39233K [0x0000000703200000, 0x0000000800000000)
  region size 1024K, 3 young (3072K), 3 survivors (3072K)
 Metaspace       used 36133K, capacity 37074K, committed 37376K, reserved 1083392K
  class space    used 3692K, capacity 3994K, committed 4096K, reserved 1048576K
}
Event: 3.765 GC heap before
{Heap before GC invocations=8 (full 0):
 garbage-first heap   total 323584K, used 179521K [0x0000000703200000, 0x0000000800000000)
  region size 1024K, 138 young (141312K), 3 survivors (3072K)
 Metaspace       used 38898K, capacity 39878K, committed 40064K, reserved 1085440K
  class space    used 3891K, capacity 4216K, committed 4224K, reserved 1048576K
}
Event: 3.772 GC heap after
{Heap after GC invocations=9 (full 0):
 garbage-first heap   total 323584K, used 51118K [0x0000000703200000, 0x0000000800000000)
  region size 1024K, 15 young (15360K), 15 survivors (15360K)
 Metaspace       used 38898K, capacity 39878K, committed 40064K, reserved 1085440K
  class space    used 3891K, capacity 4216K, committed 4224K, reserved 1048576K
}

